[2026-02-25 01:24:34] ERROR: Polymarket API error: Request failed with status code 422 {"url":"/markets/0x1234abcd...","status":422}
[2026-02-25 04:00:40] ERROR: ❌ Sync failed: (0 , polymarket_service_1.extractTagLabels) is not a function
[2026-02-25 04:10:26] ERROR: Polymarket API error: Request failed with status code 422 {"url":"/events","status":422}
[2026-02-25 04:10:26] ERROR: Polymarket API error: Request failed with status code 422 {"url":"/events","status":422}
[2026-02-25 04:10:27] ERROR: Polymarket API error: Request failed with status code 422 {"url":"/events","status":422}
[2026-02-25 04:10:27] ERROR: Polymarket API error: Request failed with status code 422 {"url":"/events","status":422}
[2026-02-25 04:11:12] ERROR: Polymarket API error: Request failed with status code 422 {"url":"/events","status":422}
[2026-02-25 04:13:18] ERROR: Polymarket API error: Request failed with status code 422 {"url":"/events","status":422}
[2026-02-25 04:13:19] ERROR: Polymarket API error: Request failed with status code 422 {"url":"/events","status":422}
[2026-02-25 04:13:20] ERROR: Polymarket API error: Request failed with status code 422 {"url":"/events","status":422}
[2026-02-25 04:13:21] ERROR: Polymarket API error: Request failed with status code 422 {"url":"/events","status":422}
[2026-02-25 04:13:22] ERROR: Polymarket API error: Request failed with status code 422 {"url":"/events","status":422}
[2026-02-25 04:13:22] ERROR: Polymarket API error: Request failed with status code 422 {"url":"/events","status":422}
[2026-02-25 04:13:56] ERROR: Polymarket API error: Request failed with status code 422 {"url":"/events","status":422}
[2026-02-25 04:14:03] ERROR: Polymarket API error: Request failed with status code 422 {"url":"/events","status":422}
[2026-02-25 04:15:00] ERROR: Polymarket API error: Request failed with status code 422 {"url":"/events","status":422}
[2026-02-25 04:15:01] ERROR: Polymarket API error: Request failed with status code 422 {"url":"/events","status":422}
[2026-02-25 04:15:01] ERROR: Polymarket API error: Request failed with status code 422 {"url":"/events","status":422}
[2026-02-25 04:15:02] ERROR: Polymarket API error: Request failed with status code 422 {"url":"/events","status":422}
[2026-02-25 04:15:40] ERROR: Polymarket API error: Request failed with status code 422 {"url":"/events","status":422}
[2026-02-25 04:15:41] ERROR: Polymarket API error: Request failed with status code 422 {"url":"/events","status":422}
[2026-02-25 04:15:42] ERROR: Polymarket API error: Request failed with status code 422 {"url":"/events","status":422}
[2026-02-25 04:15:43] ERROR: Polymarket API error: Request failed with status code 422 {"url":"/events","status":422}
[2026-02-25 05:20:00] ERROR: Polymarket API error: Request failed with status code 422 {"url":"/events","status":422}
[2026-02-25 05:20:03] ERROR: Polymarket API error: Request failed with status code 422 {"url":"/events","status":422}
[2026-02-25 05:20:04] ERROR: Polymarket API error: Request failed with status code 422 {"url":"/events","status":422}
[2026-02-25 05:20:05] ERROR: Polymarket API error: Request failed with status code 422 {"url":"/events","status":422}
[2026-02-25 05:20:17] ERROR: Polymarket API error: Request failed with status code 422 {"url":"/events","status":422}
[2026-02-25 05:20:17] ERROR: Polymarket API error: Request failed with status code 422 {"url":"/events","status":422}
[2026-02-25 05:20:17] ERROR: Polymarket API error: Request failed with status code 422 {"url":"/events","status":422}
[2026-02-25 05:20:26] ERROR: Polymarket API error: Request failed with status code 422 {"url":"/events","status":422}
[2026-02-25 05:20:28] ERROR: Polymarket API error: Request failed with status code 422 {"url":"/events","status":422}
[2026-02-25 05:20:29] ERROR: Polymarket API error: Request failed with status code 422 {"url":"/events","status":422}
[2026-02-25 05:20:30] ERROR: Polymarket API error: Request failed with status code 422 {"url":"/events","status":422}
[2026-02-25 05:22:32] ERROR: Polymarket API error: Request failed with status code 422 {"url":"/events","status":422}
[2026-02-25 05:22:33] ERROR: Polymarket API error: Request failed with status code 422 {"url":"/events","status":422}
[2026-02-25 05:22:34] ERROR: Polymarket API error: Request failed with status code 422 {"url":"/events","status":422}
[2026-02-25 05:22:34] ERROR: Polymarket API error: Request failed with status code 422 {"url":"/events","status":422}
[2026-02-25 05:25:02] ERROR: Polymarket API error: Request failed with status code 422 {"url":"/events","status":422}
[2026-02-25 05:25:03] ERROR: Polymarket API error: Request failed with status code 422 {"url":"/events","status":422}
[2026-02-25 05:25:03] ERROR: Polymarket API error: Request failed with status code 422 {"url":"/events","status":422}
[2026-02-25 05:25:03] ERROR: Polymarket API error: Request failed with status code 422 {"url":"/events","status":422}
[2026-02-25 05:28:02] ERROR: Polymarket API error: Request failed with status code 422 {"url":"/events","status":422}
[2026-02-25 05:28:02] ERROR: Polymarket API error: Request failed with status code 422 {"url":"/events","status":422}
[2026-02-25 05:28:03] ERROR: Polymarket API error: Request failed with status code 422 {"url":"/events","status":422}
[2026-02-25 05:28:03] ERROR: Polymarket API error: Request failed with status code 422 {"url":"/events","status":422}
[2026-02-25 05:29:42] ERROR: Polymarket API error: Request failed with status code 422 {"url":"/events","status":422}
[2026-02-25 05:29:42] ERROR: Polymarket API error: Request failed with status code 422 {"url":"/events","status":422}
[2026-02-25 05:29:43] ERROR: Polymarket API error: Request failed with status code 422 {"url":"/events","status":422}
[2026-02-25 05:29:43] ERROR: Polymarket API error: Request failed with status code 422 {"url":"/events","status":422}
[2026-02-25 05:30:00] ERROR: Polymarket API error: Request failed with status code 422 {"url":"/events","status":422}
[2026-02-25 05:30:01] ERROR: Polymarket API error: Request failed with status code 422 {"url":"/events","status":422}
[2026-02-25 05:30:02] ERROR: Polymarket API error: Request failed with status code 422 {"url":"/events","status":422}
[2026-02-25 05:30:02] ERROR: Polymarket API error: Request failed with status code 422 {"url":"/events","status":422}
[2026-02-25 05:30:32] ERROR: Polymarket API error: Request failed with status code 422 {"url":"/events","status":422}
[2026-02-25 05:30:32] ERROR: Polymarket API error: Request failed with status code 422 {"url":"/events","status":422}
[2026-02-25 05:30:33] ERROR: Polymarket API error: Request failed with status code 422 {"url":"/events","status":422}
[2026-02-25 05:30:33] ERROR: Polymarket API error: Request failed with status code 422 {"url":"/events","status":422}
[2026-02-25 05:30:41] ERROR: Polymarket API error: Request failed with status code 422 {"url":"/events","status":422}
[2026-02-25 05:30:42] ERROR: Polymarket API error: Request failed with status code 422 {"url":"/events","status":422}
[2026-02-25 05:30:43] ERROR: Polymarket API error: Request failed with status code 422 {"url":"/events","status":422}
[2026-02-25 05:30:43] ERROR: Polymarket API error: Request failed with status code 422 {"url":"/events","status":422}
[2026-02-25 05:32:39] ERROR: Polymarket API error: Request failed with status code 422 {"url":"/events","status":422}
[2026-02-25 05:32:46] ERROR: Polymarket API error: Request failed with status code 422 {"url":"/events","status":422}
[2026-02-25 05:32:46] ERROR: Polymarket API error: Request failed with status code 422 {"url":"/events","status":422}
[2026-02-25 05:32:47] ERROR: Polymarket API error: Request failed with status code 422 {"url":"/events","status":422}
[2026-02-25 05:32:47] ERROR: Polymarket API error: Request failed with status code 422 {"url":"/events","status":422}
[2026-02-25 05:33:33] ERROR: Polymarket API error: Request failed with status code 422 {"url":"/events","status":422}
[2026-02-25 05:33:34] ERROR: Polymarket API error: Request failed with status code 422 {"url":"/events","status":422}
[2026-02-25 05:33:34] ERROR: Polymarket API error: Request failed with status code 422 {"url":"/events","status":422}
[2026-02-25 05:33:35] ERROR: Polymarket API error: Request failed with status code 422 {"url":"/events","status":422}
[2026-02-25 05:33:43] ERROR: Polymarket API error: Request failed with status code 422 {"url":"/events","status":422}
[2026-02-25 05:33:44] ERROR: Polymarket API error: Request failed with status code 422 {"url":"/events","status":422}
[2026-02-25 05:33:44] ERROR: Polymarket API error: Request failed with status code 422 {"url":"/events","status":422}
[2026-02-25 05:33:44] ERROR: Polymarket API error: Request failed with status code 422 {"url":"/events","status":422}
[2026-02-25 05:34:24] ERROR: Polymarket API error: Request failed with status code 422 {"url":"/events","status":422}
[2026-02-25 05:34:25] ERROR: Polymarket API error: Request failed with status code 422 {"url":"/events","status":422}
[2026-02-25 05:34:26] ERROR: Polymarket API error: Request failed with status code 422 {"url":"/events","status":422}
[2026-02-25 05:34:26] ERROR: Polymarket API error: Request failed with status code 422 {"url":"/events","status":422}
[2026-02-25 05:35:01] ERROR: Polymarket API error: Request failed with status code 422 {"url":"/events","status":422}
[2026-02-25 05:35:02] ERROR: Polymarket API error: Request failed with status code 422 {"url":"/events","status":422}
[2026-02-25 05:35:02] ERROR: Polymarket API error: Request failed with status code 422 {"url":"/events","status":422}
[2026-02-25 05:35:03] ERROR: Polymarket API error: Request failed with status code 422 {"url":"/events","status":422}
[2026-02-25 05:35:40] ERROR: Polymarket API error: Request failed with status code 422 {"url":"/events","status":422}
[2026-02-25 05:35:41] ERROR: Polymarket API error: Request failed with status code 422 {"url":"/events","status":422}
[2026-02-25 05:35:41] ERROR: Polymarket API error: Request failed with status code 422 {"url":"/events","status":422}
[2026-02-25 05:35:42] ERROR: Polymarket API error: Request failed with status code 422 {"url":"/events","status":422}
[2026-02-25 05:35:53] ERROR: Polymarket API error: Request failed with status code 422 {"url":"/events","status":422}
[2026-02-25 05:35:53] ERROR: Polymarket API error: Request failed with status code 422 {"url":"/events","status":422}
[2026-02-25 05:35:54] ERROR: Polymarket API error: Request failed with status code 422 {"url":"/events","status":422}
[2026-02-25 05:35:54] ERROR: Polymarket API error: Request failed with status code 422 {"url":"/events","status":422}
[2026-02-25 05:36:12] ERROR: Polymarket API error: Request failed with status code 422 {"url":"/events","status":422}
[2026-02-25 05:36:14] ERROR: Polymarket API error: Request failed with status code 422 {"url":"/events","status":422}
[2026-02-25 05:36:15] ERROR: Polymarket API error: Request failed with status code 422 {"url":"/events","status":422}
[2026-02-25 05:36:16] ERROR: Polymarket API error: Request failed with status code 422 {"url":"/events","status":422}
[2026-02-25 05:38:08] ERROR: Polymarket API error: Request failed with status code 422 {"url":"/events","status":422}
[2026-02-25 05:38:09] ERROR: Polymarket API error: Request failed with status code 422 {"url":"/events","status":422}
[2026-02-25 05:38:09] ERROR: Polymarket API error: Request failed with status code 422 {"url":"/events","status":422}
[2026-02-25 05:38:09] ERROR: Polymarket API error: Request failed with status code 422 {"url":"/events","status":422}
[2026-02-25 05:39:23] ERROR: Polymarket API error: Request failed with status code 422 {"url":"/events","status":422}
[2026-02-25 05:39:24] ERROR: Polymarket API error: Request failed with status code 422 {"url":"/events","status":422}
[2026-02-25 05:39:25] ERROR: Polymarket API error: Request failed with status code 422 {"url":"/events","status":422}
[2026-02-25 05:39:26] ERROR: Polymarket API error: Request failed with status code 422 {"url":"/events","status":422}
[2026-02-25 05:39:33] ERROR: Polymarket API error: Request failed with status code 422 {"url":"/events","status":422}
[2026-02-25 05:39:33] ERROR: Polymarket API error: Request failed with status code 422 {"url":"/events","status":422}
[2026-02-25 05:39:34] ERROR: Polymarket API error: Request failed with status code 422 {"url":"/events","status":422}
[2026-02-25 05:39:34] ERROR: Polymarket API error: Request failed with status code 422 {"url":"/events","status":422}
[2026-02-25 05:39:49] ERROR: Polymarket API error: Request failed with status code 422 {"url":"/events","status":422}
[2026-02-25 05:39:50] ERROR: Polymarket API error: Request failed with status code 422 {"url":"/events","status":422}
[2026-02-25 05:39:50] ERROR: Polymarket API error: Request failed with status code 422 {"url":"/events","status":422}
[2026-02-25 05:39:51] ERROR: Polymarket API error: Request failed with status code 422 {"url":"/events","status":422}
[2026-02-25 05:40:01] ERROR: Polymarket API error: Request failed with status code 422 {"url":"/events","status":422}
[2026-02-25 05:40:01] ERROR: Polymarket API error: Request failed with status code 422 {"url":"/events","status":422}
[2026-02-25 05:40:02] ERROR: Polymarket API error: Request failed with status code 422 {"url":"/events","status":422}
[2026-02-25 05:40:02] ERROR: Polymarket API error: Request failed with status code 422 {"url":"/events","status":422}
[2026-02-25 05:40:39] ERROR: Polymarket API error: Request failed with status code 422 {"url":"/events","status":422}
[2026-02-25 05:40:39] ERROR: Polymarket API error: Request failed with status code 422 {"url":"/events","status":422}
[2026-02-25 05:40:40] ERROR: Polymarket API error: Request failed with status code 422 {"url":"/events","status":422}
[2026-02-25 05:40:40] ERROR: Polymarket API error: Request failed with status code 422 {"url":"/events","status":422}
[2026-02-25 05:41:13] ERROR: Polymarket API error: Request failed with status code 422 {"url":"/events","status":422}
[2026-02-25 05:41:14] ERROR: Polymarket API error: Request failed with status code 422 {"url":"/events","status":422}
[2026-02-25 05:41:15] ERROR: Polymarket API error: Request failed with status code 422 {"url":"/events","status":422}
[2026-02-25 05:41:15] ERROR: Polymarket API error: Request failed with status code 422 {"url":"/events","status":422}
[2026-02-25 05:41:25] ERROR: Polymarket API error: Request failed with status code 422 {"url":"/events","status":422}
[2026-02-25 05:41:25] ERROR: Polymarket API error: Request failed with status code 422 {"url":"/events","status":422}
[2026-02-25 05:41:26] ERROR: Polymarket API error: Request failed with status code 422 {"url":"/events","status":422}
[2026-02-25 05:41:26] ERROR: Polymarket API error: Request failed with status code 422 {"url":"/events","status":422}
[2026-02-25 05:43:13] ERROR: Polymarket API error: Request failed with status code 422 {"url":"/events","status":422}
[2026-02-25 05:43:14] ERROR: Polymarket API error: Request failed with status code 422 {"url":"/events","status":422}
[2026-02-25 05:43:14] ERROR: Polymarket API error: Request failed with status code 422 {"url":"/events","status":422}
[2026-02-25 05:43:15] ERROR: Polymarket API error: Request failed with status code 422 {"url":"/events","status":422}
[2026-02-25 05:43:45] ERROR: Polymarket API error: Request failed with status code 422 {"url":"/events","status":422}
[2026-02-25 05:43:46] ERROR: Polymarket API error: Request failed with status code 422 {"url":"/events","status":422}
[2026-02-25 05:43:47] ERROR: Polymarket API error: Request failed with status code 422 {"url":"/events","status":422}
[2026-02-25 05:43:47] ERROR: Polymarket API error: Request failed with status code 422 {"url":"/events","status":422}
[2026-02-25 05:44:07] ERROR: Polymarket API error: Request failed with status code 422 {"url":"/events","status":422}
[2026-02-25 05:44:09] ERROR: Polymarket API error: Request failed with status code 422 {"url":"/events","status":422}
[2026-02-25 05:44:09] ERROR: Polymarket API error: Request failed with status code 422 {"url":"/events","status":422}
[2026-02-25 05:44:10] ERROR: Polymarket API error: Request failed with status code 422 {"url":"/events","status":422}
[2026-02-25 05:44:43] ERROR: Polymarket API error: Request failed with status code 422 {"url":"/events","status":422}
[2026-02-25 05:44:43] ERROR: Polymarket API error: Request failed with status code 422 {"url":"/events","status":422}
[2026-02-25 05:44:44] ERROR: Polymarket API error: Request failed with status code 422 {"url":"/events","status":422}
[2026-02-25 05:44:44] ERROR: Polymarket API error: Request failed with status code 422 {"url":"/events","status":422}
[2026-02-25 05:45:02] ERROR: Polymarket API error: Request failed with status code 422 {"url":"/events","status":422}
[2026-02-25 05:45:02] ERROR: Polymarket API error: Request failed with status code 422 {"url":"/events","status":422}
[2026-02-25 05:45:03] ERROR: Polymarket API error: Request failed with status code 422 {"url":"/events","status":422}
[2026-02-25 05:45:03] ERROR: Polymarket API error: Request failed with status code 422 {"url":"/events","status":422}
[2026-02-25 05:45:36] ERROR: Polymarket API error: Request failed with status code 422 {"url":"/events","status":422}
[2026-02-25 05:45:37] ERROR: Polymarket API error: Request failed with status code 422 {"url":"/events","status":422}
[2026-02-25 05:45:37] ERROR: Polymarket API error: Request failed with status code 422 {"url":"/events","status":422}
[2026-02-25 05:45:38] ERROR: Polymarket API error: Request failed with status code 422 {"url":"/events","status":422}
[2026-02-25 05:45:49] ERROR: Polymarket API error: Request failed with status code 422 {"url":"/events","status":422}
[2026-02-25 05:45:50] ERROR: Polymarket API error: Request failed with status code 422 {"url":"/events","status":422}
[2026-02-25 05:45:50] ERROR: Polymarket API error: Request failed with status code 422 {"url":"/events","status":422}
[2026-02-25 05:45:51] ERROR: Polymarket API error: Request failed with status code 422 {"url":"/events","status":422}
[2026-02-25 05:45:51] ERROR: Polymarket API error: Request failed with status code 422 {"url":"/events","status":422}
[2026-02-25 05:45:53] ERROR: Polymarket API error: Request failed with status code 422 {"url":"/events","status":422}
[2026-02-25 05:45:54] ERROR: Polymarket API error: Request failed with status code 422 {"url":"/events","status":422}
[2026-02-25 05:45:55] ERROR: Polymarket API error: Request failed with status code 422 {"url":"/events","status":422}
[2026-02-25 05:46:26] ERROR: Polymarket API error: Request failed with status code 422 {"url":"/events","status":422}
[2026-02-25 05:46:27] ERROR: Polymarket API error: Request failed with status code 422 {"url":"/events","status":422}
[2026-02-25 05:46:27] ERROR: Polymarket API error: Request failed with status code 422 {"url":"/events","status":422}
[2026-02-25 05:46:29] ERROR: Polymarket API error: Request failed with status code 422 {"url":"/events","status":422}
[2026-02-25 05:46:29] ERROR: Polymarket API error: Request failed with status code 422 {"url":"/events","status":422}
[2026-02-25 05:46:33] ERROR: Polymarket API error: Request failed with status code 422 {"url":"/events","status":422}
[2026-02-25 05:46:38] ERROR: Polymarket API error: Request failed with status code 422 {"url":"/events","status":422}
[2026-02-25 05:50:01] ERROR: Polymarket API error: Request failed with status code 422 {"url":"/events","status":422}
[2026-02-25 05:50:01] ERROR: Polymarket API error: Request failed with status code 422 {"url":"/events","status":422}
[2026-02-25 05:50:02] ERROR: Polymarket API error: Request failed with status code 422 {"url":"/events","status":422}
[2026-02-25 05:50:03] ERROR: Polymarket API error: Request failed with status code 422 {"url":"/events","status":422}
[2026-02-25 05:53:50] ERROR: Polymarket API error: Request failed with status code 422 {"url":"/events","status":422}
[2026-02-25 05:53:53] ERROR: Polymarket API error: Request failed with status code 422 {"url":"/events","status":422}
[2026-02-25 05:53:55] ERROR: Polymarket API error: Request failed with status code 422 {"url":"/events","status":422}
[2026-02-25 05:53:58] ERROR: Polymarket API error: Request failed with status code 422 {"url":"/events","status":422}
[2026-02-25 05:54:03] ERROR: Polymarket API error: Request failed with status code 422 {"url":"/events","status":422}
[2026-02-25 05:55:01] ERROR: Polymarket API error: Request failed with status code 422 {"url":"/events","status":422}
[2026-02-25 05:55:02] ERROR: Polymarket API error: Request failed with status code 422 {"url":"/events","status":422}
[2026-02-25 05:55:02] ERROR: Polymarket API error: Request failed with status code 422 {"url":"/events","status":422}
[2026-02-25 05:55:03] ERROR: Polymarket API error: Request failed with status code 422 {"url":"/events","status":422}
[2026-02-25 05:56:11] ERROR: Polymarket API error: Request failed with status code 422 {"url":"/events","status":422}
[2026-02-25 05:56:11] ERROR: Polymarket API error: Request failed with status code 422 {"url":"/events","status":422}
[2026-02-25 05:56:12] ERROR: Polymarket API error: Request failed with status code 422 {"url":"/events","status":422}
[2026-02-25 05:56:13] ERROR: Polymarket API error: Request failed with status code 422 {"url":"/events","status":422}
[2026-02-25 05:56:14] ERROR: Polymarket API error: Request failed with status code 422 {"url":"/events","status":422}
[2026-02-25 05:57:18] ERROR: Polymarket API error: Request failed with status code 422 {"url":"/events?limit=100&active=true&closed=false&order=volume_24hr","status":422,"body":"{\"type\":\"validation error\",\"error\":\"order fields are not valid\"}"}
[2026-02-25 05:57:19] ERROR: Polymarket API error: Request failed with status code 422 {"url":"/events?limit=50&active=true&closed=false&order=volume_24hr&tag_id=2","status":422,"body":"{\"type\":\"validation error\",\"error\":\"order fields are not valid\"}"}
[2026-02-25 05:57:20] ERROR: Polymarket API error: Request failed with status code 422 {"url":"/events?limit=50&active=true&closed=false&order=volume_24hr&tag_id=21","status":422,"body":"{\"type\":\"validation error\",\"error\":\"order fields are not valid\"}"}
[2026-02-25 05:57:20] ERROR: Polymarket API error: Request failed with status code 422 {"url":"/events?limit=50&active=true&closed=false&order=volume_24hr&tag_id=100639","status":422,"body":"{\"type\":\"validation error\",\"error\":\"order fields are not valid\"}"}
[2026-02-25 05:57:29] ERROR: DIAGNOSTIC FAILED: GET /events?limit=1 → gammaClient is not defined | baseURL="https://gamma-api.polymarket.com" | response body: {}
[2026-02-25 05:57:38] ERROR: Polymarket API error: Request failed with status code 422 {"url":"/events?limit=100&active=true&closed=false&order=volume_24hr","status":422,"body":"{\"type\":\"validation error\",\"error\":\"order fields are not valid\"}"}
[2026-02-25 05:57:39] ERROR: Polymarket API error: Request failed with status code 422 {"url":"/events?limit=50&active=true&closed=false&order=volume_24hr&tag_id=2","status":422,"body":"{\"type\":\"validation error\",\"error\":\"order fields are not valid\"}"}
[2026-02-25 05:57:40] ERROR: Polymarket API error: Request failed with status code 422 {"url":"/events?limit=50&active=true&closed=false&order=volume_24hr&tag_id=21","status":422,"body":"{\"type\":\"validation error\",\"error\":\"order fields are not valid\"}"}
[2026-02-25 05:57:41] ERROR: Polymarket API error: Request failed with status code 422 {"url":"/events?limit=50&active=true&closed=false&order=volume_24hr&tag_id=100639","status":422,"body":"{\"type\":\"validation error\",\"error\":\"order fields are not valid\"}"}
[2026-02-25 05:57:50] ERROR: DIAGNOSTIC FAILED: GET /events?limit=1 → gammaClient is not defined | baseURL="https://gamma-api.polymarket.com" | response body: {}
[2026-02-25 05:57:56] ERROR: Polymarket API error: Request failed with status code 422 {"url":"/events?limit=100&active=true&closed=false&order=volume_24hr","status":422,"body":"{\"type\":\"validation error\",\"error\":\"order fields are not valid\"}"}
[2026-02-25 05:57:59] ERROR: Polymarket API error: Request failed with status code 422 {"url":"/events?limit=50&active=true&closed=false&order=volume_24hr&tag_id=2","status":422,"body":"{\"type\":\"validation error\",\"error\":\"order fields are not valid\"}"}
[2026-02-25 05:58:02] ERROR: Polymarket API error: Request failed with status code 422 {"url":"/events?limit=50&active=true&closed=false&order=volume_24hr&tag_id=21","status":422,"body":"{\"type\":\"validation error\",\"error\":\"order fields are not valid\"}"}
[2026-02-25 05:58:03] ERROR: Polymarket API error: Request failed with status code 422 {"url":"/events?limit=50&active=true&closed=false&order=volume_24hr&tag_id=100639","status":422,"body":"{\"type\":\"validation error\",\"error\":\"order fields are not valid\"}"}
[2026-02-25 06:00:00] ERROR: DIAGNOSTIC FAILED: GET /events?limit=1 → gammaClient is not defined | baseURL="https://gamma-api.polymarket.com" | response body: {}
[2026-02-25 06:00:04] ERROR: Polymarket API error: Request failed with status code 422 {"url":"/events?limit=100&active=true&closed=false&order=volume_24hr","status":422,"body":"{\"type\":\"validation error\",\"error\":\"order fields are not valid\"}"}
[2026-02-25 06:00:05] ERROR: Polymarket API error: Request failed with status code 422 {"url":"/events?limit=50&active=true&closed=false&order=volume_24hr&tag_id=2","status":422,"body":"{\"type\":\"validation error\",\"error\":\"order fields are not valid\"}"}
[2026-02-25 06:00:05] ERROR: Polymarket API error: Request failed with status code 422 {"url":"/events?limit=50&active=true&closed=false&order=volume_24hr&tag_id=21","status":422,"body":"{\"type\":\"validation error\",\"error\":\"order fields are not valid\"}"}
[2026-02-25 06:00:05] ERROR: Polymarket API error: Request failed with status code 422 {"url":"/events?limit=50&active=true&closed=false&order=volume_24hr&tag_id=100639","status":422,"body":"{\"type\":\"validation error\",\"error\":\"order fields are not valid\"}"}
[2026-02-25 06:00:30] ERROR: Polymarket API error: Request failed with status code 422 {"url":"/events?limit=40&active=true&closed=false&order=volume_24hr","status":422,"body":"{\"type\":\"validation error\",\"error\":\"order fields are not valid\"}"}
[2026-02-25 06:00:31] ERROR: Polymarket API error: Request failed with status code 422 {"url":"/events?limit=100&active=true&closed=false&order=volume_24hr","status":422,"body":"{\"type\":\"validation error\",\"error\":\"order fields are not valid\"}"}
[2026-02-25 06:00:31] ERROR: Polymarket API error: Request failed with status code 422 {"url":"/events?limit=50&active=true&closed=false&order=volume_24hr&tag_id=2","status":422,"body":"{\"type\":\"validation error\",\"error\":\"order fields are not valid\"}"}
[2026-02-25 06:00:32] ERROR: Polymarket API error: Request failed with status code 422 {"url":"/events?limit=50&active=true&closed=false&order=volume_24hr&tag_id=21","status":422,"body":"{\"type\":\"validation error\",\"error\":\"order fields are not valid\"}"}
[2026-02-25 06:00:33] ERROR: Polymarket API error: Request failed with status code 422 {"url":"/events?limit=50&active=true&closed=false&order=volume_24hr&tag_id=100639","status":422,"body":"{\"type\":\"validation error\",\"error\":\"order fields are not valid\"}"}
[2026-02-25 06:00:46] ERROR: Polymarket API error: Request failed with status code 422 {"url":"/events?limit=50&active=true&closed=false&order=start_date&tag_id=100639","status":422,"body":"{\"type\":\"validation error\",\"error\":\"order fields are not valid\"}"}
[2026-02-25 06:00:48] ERROR: Polymarket API error: Request failed with status code 422 {"url":"/events?limit=50&active=true&closed=false&order=start_date&tag_id=100639","status":422,"body":"{\"type\":\"validation error\",\"error\":\"order fields are not valid\"}"}
[2026-02-25 06:02:31] ERROR: Polymarket API error: Request failed with status code 422 {"url":"https://gamma-api.polymarket.com/events?limit=100&closed=false&order=volume_24hr","status":422,"body":"{\"type\":\"validation error\",\"error\":\"order fields are not valid\"}"}
[2026-02-25 06:02:32] ERROR: Polymarket API error: Request failed with status code 422 {"url":"https://gamma-api.polymarket.com/events?limit=50&closed=false&order=volume_24hr&tag_id=2","status":422,"body":"{\"type\":\"validation error\",\"error\":\"order fields are not valid\"}"}
[2026-02-25 06:02:42] ERROR: Polymarket API error: Request failed with status code 422 {"url":"https://gamma-api.polymarket.com/events?limit=40&closed=false&order=volume_24hr","status":422,"body":"{\"type\":\"validation error\",\"error\":\"order fields are not valid\"}"}
[2026-02-25 06:02:42] ERROR: Polymarket API error: Request failed with status code 422 {"url":"https://gamma-api.polymarket.com/events?limit=100&closed=false&order=volume_24hr","status":422,"body":"{\"type\":\"validation error\",\"error\":\"order fields are not valid\"}"}
[2026-02-25 06:02:43] ERROR: Polymarket API error: Request failed with status code 422 {"url":"https://gamma-api.polymarket.com/events?limit=50&closed=false&order=volume_24hr&tag_id=2","status":422,"body":"{\"type\":\"validation error\",\"error\":\"order fields are not valid\"}"}
[2026-02-25 06:02:44] ERROR: Polymarket API error: Request failed with status code 422 {"url":"https://gamma-api.polymarket.com/events?limit=50&closed=false&order=volume_24hr&tag_id=21","status":422,"body":"{\"type\":\"validation error\",\"error\":\"order fields are not valid\"}"}
[2026-02-25 06:02:45] ERROR: Polymarket API error: Request failed with status code 422 {"url":"https://gamma-api.polymarket.com/events?limit=50&closed=false&order=volume_24hr&tag_id=100639","status":422,"body":"{\"type\":\"validation error\",\"error\":\"order fields are not valid\"}"}
[2026-02-25 06:05:03] ERROR: Polymarket API error: Request failed with status code 422 {"url":"https://gamma-api.polymarket.com/events?limit=100&closed=false&order=volume_24hr","status":422,"body":"{\"type\":\"validation error\",\"error\":\"order fields are not valid\"}"}
[2026-02-25 06:05:04] ERROR: Polymarket API error: Request failed with status code 422 {"url":"https://gamma-api.polymarket.com/events?limit=50&closed=false&order=volume_24hr&tag_id=2","status":422,"body":"{\"type\":\"validation error\",\"error\":\"order fields are not valid\"}"}
[2026-02-25 06:05:05] ERROR: Polymarket API error: Request failed with status code 422 {"url":"https://gamma-api.polymarket.com/events?limit=50&closed=false&order=volume_24hr&tag_id=21","status":422,"body":"{\"type\":\"validation error\",\"error\":\"order fields are not valid\"}"}
[2026-02-25 06:05:05] ERROR: Polymarket API error: Request failed with status code 422 {"url":"https://gamma-api.polymarket.com/events?limit=50&closed=false&order=volume_24hr&tag_id=100639","status":422,"body":"{\"type\":\"validation error\",\"error\":\"order fields are not valid\"}"}
[2026-02-25 06:10:01] ERROR: Polymarket API error: Request failed with status code 422 {"url":"https://gamma-api.polymarket.com/events?limit=100&closed=false&order=volume_24hr","status":422,"body":"{\"type\":\"validation error\",\"error\":\"order fields are not valid\"}"}
[2026-02-25 06:10:01] ERROR: Polymarket API error: Request failed with status code 422 {"url":"https://gamma-api.polymarket.com/events?limit=50&closed=false&order=volume_24hr&tag_id=2","status":422,"body":"{\"type\":\"validation error\",\"error\":\"order fields are not valid\"}"}
[2026-02-25 06:10:02] ERROR: Polymarket API error: Request failed with status code 422 {"url":"https://gamma-api.polymarket.com/events?limit=50&closed=false&order=volume_24hr&tag_id=21","status":422,"body":"{\"type\":\"validation error\",\"error\":\"order fields are not valid\"}"}
[2026-02-25 06:10:02] ERROR: Polymarket API error: Request failed with status code 422 {"url":"https://gamma-api.polymarket.com/events?limit=50&closed=false&order=volume_24hr&tag_id=100639","status":422,"body":"{\"type\":\"validation error\",\"error\":\"order fields are not valid\"}"}
[2026-02-25 06:11:25] ERROR: Polymarket API error: Request failed with status code 422 {"url":"https://gamma-api.polymarket.com/events?limit=100&closed=false&order=volume_24hr","status":422,"body":"{\"type\":\"validation error\",\"error\":\"order fields are not valid\"}"}
[2026-02-25 06:11:25] ERROR: Polymarket API error: Request failed with status code 422 {"url":"https://gamma-api.polymarket.com/events?limit=50&closed=false&order=volume_24hr&tag_id=2","status":422,"body":"{\"type\":\"validation error\",\"error\":\"order fields are not valid\"}"}
[2026-02-25 06:11:26] ERROR: Polymarket API error: Request failed with status code 422 {"url":"https://gamma-api.polymarket.com/events?limit=50&closed=false&order=volume_24hr&tag_id=21","status":422,"body":"{\"type\":\"validation error\",\"error\":\"order fields are not valid\"}"}
[2026-02-25 06:11:26] ERROR: Polymarket API error: Request failed with status code 422 {"url":"https://gamma-api.polymarket.com/events?limit=50&closed=false&order=volume_24hr&tag_id=100639","status":422,"body":"{\"type\":\"validation error\",\"error\":\"order fields are not valid\"}"}
[2026-02-25 06:36:10] ERROR: Polymarket API error: read ECONNRESET {"url":"https://gamma-api.polymarket.com/events?limit=100&closed=false","body":"{}"}
[2026-02-25 06:38:01] ERROR: Polymarket API error: read ECONNRESET {"url":"https://gamma-api.polymarket.com/events?title_contains=sport&limit=50&closed=false","body":"{}"}
[2026-02-26 03:09:30] ERROR: Polymarket API error: Request failed with status code 422 {"url":"https://gamma-api.polymarket.com/markets/0x8213d395e079614d6c4d7f4cbb9be9337ab51648a21cc2a334ae8f1966d164b4","status":422,"body":"{\"type\":\"validation error\",\"error\":\"id is invalid\"}"}
[2026-02-27 04:55:00] ERROR: Polymarket API error: Request failed with status code 404 {"url":"https://gamma-api.polymarket.com/events?limit=100&closed=false","status":404,"body":"\"<html>\\r\\n<head><title>404 Not Found</title></head>\\r\\n<body>\\r\\n<center><h1>404 Not Found</h1></center>\\r\\n<hr><center>nginx</center>\\r\\n</body>\\r\\n</html>\\r\\n\""}
[2026-02-27 04:55:00] ERROR: Polymarket API error: Request failed with status code 404 {"url":"https://gamma-api.polymarket.com/events?limit=100&closed=false&tag_id=2","status":404,"body":"\"<html>\\r\\n<head><title>404 Not Found</title></head>\\r\\n<body>\\r\\n<center><h1>404 Not Found</h1></center>\\r\\n<hr><center>nginx</center>\\r\\n</body>\\r\\n</html>\\r\\n\""}
[2026-02-27 04:55:00] ERROR: Polymarket API error: Request failed with status code 404 {"url":"https://gamma-api.polymarket.com/events?limit=100&closed=false&tag_id=21","status":404,"body":"\"<html>\\r\\n<head><title>404 Not Found</title></head>\\r\\n<body>\\r\\n<center><h1>404 Not Found</h1></center>\\r\\n<hr><center>nginx</center>\\r\\n</body>\\r\\n</html>\\r\\n\""}
[2026-02-27 04:55:01] ERROR: Polymarket API error: Request failed with status code 404 {"url":"https://gamma-api.polymarket.com/events?limit=100&closed=false&tag_id=120","status":404,"body":"\"<html>\\r\\n<head><title>404 Not Found</title></head>\\r\\n<body>\\r\\n<center><h1>404 Not Found</h1></center>\\r\\n<hr><center>nginx</center>\\r\\n</body>\\r\\n</html>\\r\\n\""}
[2026-02-27 04:55:01] ERROR: Polymarket API error: Request failed with status code 404 {"url":"https://gamma-api.polymarket.com/events?limit=100&closed=false&tag_id=100639","status":404,"body":"\"<html>\\r\\n<head><title>404 Not Found</title></head>\\r\\n<body>\\r\\n<center><h1>404 Not Found</h1></center>\\r\\n<hr><center>nginx</center>\\r\\n</body>\\r\\n</html>\\r\\n\""}
[2026-02-27 04:55:01] ERROR: Polymarket API error: Request failed with status code 404 {"url":"https://gamma-api.polymarket.com/events?limit=100&closed=false&tag_id=1401","status":404,"body":"\"<html>\\r\\n<head><title>404 Not Found</title></head>\\r\\n<body>\\r\\n<center><h1>404 Not Found</h1></center>\\r\\n<hr><center>nginx</center>\\r\\n</body>\\r\\n</html>\\r\\n\""}
[2026-02-27 04:55:02] ERROR: Polymarket API error: Request failed with status code 404 {"url":"https://gamma-api.polymarket.com/events?limit=100&closed=false&tag_id=596","status":404,"body":"\"<html>\\r\\n<head><title>404 Not Found</title></head>\\r\\n<body>\\r\\n<center><h1>404 Not Found</h1></center>\\r\\n<hr><center>nginx</center>\\r\\n</body>\\r\\n</html>\\r\\n\""}
[2026-02-27 05:00:00] ERROR: Polymarket API error: Request failed with status code 404 {"url":"https://gamma-api.polymarket.com/events?limit=100&closed=false","status":404,"body":"\"<html>\\r\\n<head><title>404 Not Found</title></head>\\r\\n<body>\\r\\n<center><h1>404 Not Found</h1></center>\\r\\n<hr><center>nginx</center>\\r\\n</body>\\r\\n</html>\\r\\n\""}
[2026-02-27 05:00:00] ERROR: Polymarket API error: Request failed with status code 404 {"url":"https://gamma-api.polymarket.com/events?limit=100&closed=false&tag_id=2","status":404,"body":"\"<html>\\r\\n<head><title>404 Not Found</title></head>\\r\\n<body>\\r\\n<center><h1>404 Not Found</h1></center>\\r\\n<hr><center>nginx</center>\\r\\n</body>\\r\\n</html>\\r\\n\""}
[2026-02-27 05:00:00] ERROR: Polymarket API error: Request failed with status code 404 {"url":"https://gamma-api.polymarket.com/events?limit=100&closed=false&tag_id=21","status":404,"body":"\"<html>\\r\\n<head><title>404 Not Found</title></head>\\r\\n<body>\\r\\n<center><h1>404 Not Found</h1></center>\\r\\n<hr><center>nginx</center>\\r\\n</body>\\r\\n</html>\\r\\n\""}
[2026-02-27 05:00:01] ERROR: Polymarket API error: Request failed with status code 404 {"url":"https://gamma-api.polymarket.com/events?limit=100&closed=false&tag_id=120","status":404,"body":"\"<html>\\r\\n<head><title>404 Not Found</title></head>\\r\\n<body>\\r\\n<center><h1>404 Not Found</h1></center>\\r\\n<hr><center>nginx</center>\\r\\n</body>\\r\\n</html>\\r\\n\""}
[2026-02-27 05:00:01] ERROR: Polymarket API error: Request failed with status code 404 {"url":"https://gamma-api.polymarket.com/events?limit=100&closed=false&tag_id=100639","status":404,"body":"\"<html>\\r\\n<head><title>404 Not Found</title></head>\\r\\n<body>\\r\\n<center><h1>404 Not Found</h1></center>\\r\\n<hr><center>nginx</center>\\r\\n</body>\\r\\n</html>\\r\\n\""}
[2026-02-27 05:00:01] ERROR: Polymarket API error: Request failed with status code 404 {"url":"https://gamma-api.polymarket.com/events?limit=100&closed=false&tag_id=1401","status":404,"body":"\"<html>\\r\\n<head><title>404 Not Found</title></head>\\r\\n<body>\\r\\n<center><h1>404 Not Found</h1></center>\\r\\n<hr><center>nginx</center>\\r\\n</body>\\r\\n</html>\\r\\n\""}
[2026-02-27 05:00:01] ERROR: Polymarket API error: Request failed with status code 404 {"url":"https://gamma-api.polymarket.com/events?limit=100&closed=false&tag_id=596","status":404,"body":"\"<html>\\r\\n<head><title>404 Not Found</title></head>\\r\\n<body>\\r\\n<center><h1>404 Not Found</h1></center>\\r\\n<hr><center>nginx</center>\\r\\n</body>\\r\\n</html>\\r\\n\""}
[2026-02-27 05:05:04] ERROR: Polymarket API error: Request failed with status code 404 {"url":"https://gamma-api.polymarket.com/events?limit=100&closed=false&tag_id=100639","status":404,"body":"\"<html>\\r\\n<head><title>404 Not Found</title></head>\\r\\n<body>\\r\\n<center><h1>404 Not Found</h1></center>\\r\\n<hr><center>nginx</center>\\r\\n</body>\\r\\n</html>\\r\\n\""}
